<?xml version="1.0" encoding="UTF-8"?>
<testsuite xmlns:xsi="http://www.w3.org/2001/XMLSchema-instance" xsi:noNamespaceSchemaLocation="https://maven.apache.org/surefire/maven-surefire-plugin/xsd/surefire-test-report.xsd" name="TestSuite" time="192.026" tests="4" errors="0" skipped="3" failures="1">
  <properties>
[...]
</properties>
  <testcase name="setUpTest" classname="com.vitamojo.Testcases.HomePage" time="191.278">
    <failure message="Could not start a new session. Possible causes are invalid address of the remote server or browser start-up failure.&#10;Build info: version: &apos;4.3.0&apos;, revision: &apos;a4995e2c09*&apos;&#10;System info: host: &apos;DIL-IND-QA08&apos;, ip: &apos;192.168.164.47&apos;, os.name: &apos;Windows 10&apos;, os.arch: &apos;amd64&apos;, os.version: &apos;10.0&apos;, java.version: &apos;11.0.16&apos;&#10;Driver info: org.openqa.selenium.firefox.FirefoxDriver&#10;Command: [null, newSession {capabilities=[Capabilities {acceptInsecureCerts: true, browserName: firefox, moz:debuggerAddress: true, moz:firefoxOptions: {}}], desiredCapabilities=Capabilities {acceptInsecureCerts: true, browserName: firefox, moz:debuggerAddress: true, moz:firefoxOptions: {}}}]" type="org.openqa.selenium.SessionNotCreatedException">org.openqa.selenium.SessionNotCreatedException: 
Could not start a new session. Possible causes are invalid address of the remote server or browser start-up failure.
Build info: version: '4.3.0', revision: 'a4995e2c09*'
System info: host: 'DIL-IND-QA08', ip: '192.168.164.47', os.name: 'Windows 10', os.arch: 'amd64', os.version: '10.0', java.version: '11.0.16'
Driver info: org.openqa.selenium.firefox.FirefoxDriver
Command: [null, newSession {capabilities=[Capabilities {acceptInsecureCerts: true, browserName: firefox, moz:debuggerAddress: true, moz:firefoxOptions: {}}], desiredCapabilities=Capabilities {acceptInsecureCerts: true, browserName: firefox, moz:debuggerAddress: true, moz:firefoxOptions: {}}}]
	at com.vitamojo.Testcases.HomePage.setUpTest(HomePage.java:55)
Caused by: java.lang.RuntimeException: NettyHttpHandler request execution error
	at com.vitamojo.Testcases.HomePage.setUpTest(HomePage.java:55)
Caused by: java.util.concurrent.ExecutionException: java.util.concurrent.TimeoutException: Request timeout to localhost/127.0.0.1:64994 after 180000 ms
	at com.vitamojo.Testcases.HomePage.setUpTest(HomePage.java:55)
Caused by: java.util.concurrent.TimeoutException: Request timeout to localhost/127.0.0.1:64994 after 180000 ms
</failure>
    <system-out><![CDATA[Running Browser is firefox
]]></system-out>
    <system-err><![CDATA[SLF4J: Failed to load class "org.slf4j.impl.StaticLoggerBinder".
SLF4J: Defaulting to no-operation (NOP) logger implementation
SLF4J: See http://www.slf4j.org/codes.html#StaticLoggerBinder for further details.
1661837690427	geckodriver	INFO	Listening on 127.0.0.1:64994
1661837692254	mozrunner::runner	INFO	Running command: "C:\\Program Files\\Mozilla Firefox\\firefox.exe" "--marionette" "--remote-debugging-port" "56375" "--remote-allow-hosts" "localhost" "--remote-allow-origins" "http://localhost:56375/" "-no-remote" "-profile" "C:\\Users\\SIDDHA~1\\AppData\\Local\\Temp\\rust_mozprofile06n1JP"
1661837694543	Marionette	INFO	Marionette enabled
1661837694553	Marionette	INFO	Listening on port 53367
WebDriver BiDi listening on ws://localhost:56375
Read port: 53367
1661837694817	RemoteAgent	WARN	TLS certificate errors will be ignored for this session
JavaScript error: chrome://remote/content/marionette/driver.js, line 2270: NS_ERROR_ILLEGAL_VALUE: Component returned failure code: 0x80070057 (NS_ERROR_ILLEGAL_VALUE) [nsIObserverService.removeObserver]
Aug 30, 2022 11:07:59 AM org.openqa.selenium.os.OsProcess destroy
INFO: Unable to drain process streams. Ignoring but the exception being swallowed follows.
org.apache.commons.exec.ExecuteException: The stop timeout of 2000 ms was exceeded (Exit value: -559038737)
	at org.apache.commons.exec.PumpStreamHandler.stopThread(PumpStreamHandler.java:295)
	at org.apache.commons.exec.PumpStreamHandler.stop(PumpStreamHandler.java:181)
	at org.openqa.selenium.os.OsProcess.destroy(OsProcess.java:135)
	at org.openqa.selenium.os.CommandLine.destroy(CommandLine.java:139)
	at org.openqa.selenium.remote.service.DriverService.stop(DriverService.java:281)
	at org.openqa.selenium.remote.service.DriverCommandExecutor.execute(DriverCommandExecutor.java:154)
	at org.openqa.selenium.remote.RemoteWebDriver.execute(RemoteWebDriver.java:569)
	at org.openqa.selenium.remote.RemoteWebDriver.startSession(RemoteWebDriver.java:264)
	at org.openqa.selenium.remote.RemoteWebDriver.<init>(RemoteWebDriver.java:179)
	at org.openqa.selenium.firefox.FirefoxDriver.<init>(FirefoxDriver.java:110)
	at org.openqa.selenium.firefox.FirefoxDriver.<init>(FirefoxDriver.java:98)
	at org.openqa.selenium.firefox.FirefoxDriver.<init>(FirefoxDriver.java:94)
	at com.vitamojo.Testcases.HomePage.setUpTest(HomePage.java:55)
	at java.base/jdk.internal.reflect.NativeMethodAccessorImpl.invoke0(Native Method)
	at java.base/jdk.internal.reflect.NativeMethodAccessorImpl.invoke(NativeMethodAccessorImpl.java:62)
	at java.base/jdk.internal.reflect.DelegatingMethodAccessorImpl.invoke(DelegatingMethodAccessorImpl.java:43)
	at java.base/java.lang.reflect.Method.invoke(Method.java:566)
	at org.testng.internal.invokers.MethodInvocationHelper.invokeMethod(MethodInvocationHelper.java:139)
	at org.testng.internal.invokers.MethodInvocationHelper.invokeMethodConsideringTimeout(MethodInvocationHelper.java:69)
	at org.testng.internal.invokers.ConfigInvoker.invokeConfigurationMethod(ConfigInvoker.java:361)
	at org.testng.internal.invokers.ConfigInvoker.invokeConfigurations(ConfigInvoker.java:296)
	at org.testng.TestRunner.invokeTestConfigurations(TestRunner.java:643)
	at org.testng.TestRunner.beforeRun(TestRunner.java:632)
	at org.testng.TestRunner.run(TestRunner.java:594)
	at org.testng.SuiteRunner.runTest(SuiteRunner.java:433)
	at org.testng.SuiteRunner.runSequentially(SuiteRunner.java:427)
	at org.testng.SuiteRunner.privateRun(SuiteRunner.java:387)
	at org.testng.SuiteRunner.run(SuiteRunner.java:330)
	at org.testng.SuiteRunnerWorker.runSuite(SuiteRunnerWorker.java:52)
	at org.testng.SuiteRunnerWorker.run(SuiteRunnerWorker.java:95)
	at org.testng.TestNG.runSuitesSequentially(TestNG.java:1256)
	at org.testng.TestNG.runSuitesLocally(TestNG.java:1176)
	at org.testng.TestNG.runSuites(TestNG.java:1099)
	at org.testng.TestNG.run(TestNG.java:1067)
	at org.apache.maven.surefire.testng.TestNGExecutor.run(TestNGExecutor.java:283)
	at org.apache.maven.surefire.testng.TestNGXmlTestSuite.execute(TestNGXmlTestSuite.java:75)
	at org.apache.maven.surefire.testng.TestNGProvider.invoke(TestNGProvider.java:120)
	at org.apache.maven.surefire.booter.ForkedBooter.invokeProviderInSameClassLoader(ForkedBooter.java:384)
	at org.apache.maven.surefire.booter.ForkedBooter.runSuitesInProcess(ForkedBooter.java:345)
	at org.apache.maven.surefire.booter.ForkedBooter.execute(ForkedBooter.java:126)
	at org.apache.maven.surefire.booter.ForkedBooter.main(ForkedBooter.java:418)

Aug 30, 2022 11:07:59 AM org.openqa.selenium.os.OsProcess destroy
SEVERE: Unable to kill process Process[pid=12916, exitValue=1]
]]></system-err>
  </testcase>
  <testcase name="test1" classname="com.vitamojo.Testcases.HomePage" time="0">
    <skipped message="Could not start a new session. Possible causes are invalid address of the remote server or browser start-up failure.&#10;Build info: version: &apos;4.3.0&apos;, revision: &apos;a4995e2c09*&apos;&#10;System info: host: &apos;DIL-IND-QA08&apos;, ip: &apos;192.168.164.47&apos;, os.name: &apos;Windows 10&apos;, os.arch: &apos;amd64&apos;, os.version: &apos;10.0&apos;, java.version: &apos;11.0.16&apos;&#10;Driver info: org.openqa.selenium.firefox.FirefoxDriver&#10;Command: [null, newSession {capabilities=[Capabilities {acceptInsecureCerts: true, browserName: firefox, moz:debuggerAddress: true, moz:firefoxOptions: {}}], desiredCapabilities=Capabilities {acceptInsecureCerts: true, browserName: firefox, moz:debuggerAddress: true, moz:firefoxOptions: {}}}]"/>
  </testcase>
  <testcase name="tearDownTest" classname="com.vitamojo.Testcases.HomePage" time="0">
    <skipped/>
  </testcase>
  <testcase name="tearDown" classname="com.vitamojo.Testcases.HomePage" time="0">
    <skipped/>
  </testcase>
</testsuite>