<?xml version="1.0" encoding="UTF-8"?>
<testng-results ignored="0" total="1" passed="1" failed="0" skipped="0">
  <reporter-output>
  </reporter-output>
  <suite started-at="2022-08-29T11:21:49 IST" name="Suite" finished-at="2022-08-29T11:22:28 IST" duration-ms="38550">
    <groups>
    </groups>
    <test started-at="2022-08-29T11:21:49 IST" name="TestChrome" finished-at="2022-08-29T11:22:28 IST" duration-ms="38550">
      <class name="com.vitamojo.Testcases.HomePage">
        <test-method is-config="true" signature="setup()[pri:0, instance:com.vitamojo.Testcases.HomePage@2ea41516]" started-at="2022-08-29T11:21:49 IST" name="setup" finished-at="2022-08-29T11:21:49 IST" duration-ms="143" status="PASS">
          <reporter-output>
          </reporter-output>
        </test-method> <!-- setup -->
        <test-method is-config="true" signature="setUpTest(java.lang.String)[pri:0, instance:com.vitamojo.Testcases.HomePage@2ea41516]" started-at="2022-08-29T11:21:49 IST" name="setUpTest" finished-at="2022-08-29T11:21:53 IST" duration-ms="3730" status="PASS">
          <params>
            <param index="0">
              <value>
                <![CDATA[firefox]]>
              </value>
            </param>
          </params>
          <reporter-output>
          </reporter-output>
        </test-method> <!-- setUpTest -->
        <test-method signature="test1()[pri:0, instance:com.vitamojo.Testcases.HomePage@2ea41516]" started-at="2022-08-29T11:21:53 IST" name="test1" finished-at="2022-08-29T11:22:28 IST" duration-ms="34793" status="PASS">
          <reporter-output>
          </reporter-output>
        </test-method> <!-- test1 -->
        <test-method is-config="true" signature="tearDownTest()[pri:0, instance:com.vitamojo.Testcases.HomePage@2ea41516]" started-at="2022-08-29T11:22:28 IST" name="tearDownTest" finished-at="2022-08-29T11:22:28 IST" duration-ms="0" status="PASS">
          <reporter-output>
          </reporter-output>
        </test-method> <!-- tearDownTest -->
        <test-method is-config="true" signature="tearDown()[pri:0, instance:com.vitamojo.Testcases.HomePage@2ea41516]" started-at="2022-08-29T11:22:28 IST" name="tearDown" finished-at="2022-08-29T11:22:28 IST" duration-ms="269" status="PASS">
          <reporter-output>
          </reporter-output>
        </test-method> <!-- tearDown -->
      </class> <!-- com.vitamojo.Testcases.HomePage -->
    </test> <!-- TestChrome -->
  </suite> <!-- Suite -->
</testng-results>
