<?xml version="1.0" encoding="UTF-8"?>
<!-- Generated by org.testng.reporters.JUnitXMLReporter -->
<testsuite ignored="0" hostname="DIL-IND-QA08" failures="0" tests="0" time="5.835" errors="0" timestamp="2022-08-27T17:34:12 IST">
  <testcase classname="com.vitamojo.Testcases.crossBrowser" name="@BeforeTest setUpTest" time="5.824">
    <failure type="java.lang.NullPointerException" message="Cannot invoke &amp;quot;com.aventstack.extentreports.ExtentTest.log(com.aventstack.extentreports.Status, String)&amp;quot; because &amp;quot;com.vitamojo.Testcases.crossBrowser.test&amp;quot; is null">
      <![CDATA[java.lang.NullPointerException: Cannot invoke "com.aventstack.extentreports.ExtentTest.log(com.aventstack.extentreports.Status, String)" because "com.vitamojo.Testcases.crossBrowser.test" is null
at com.vitamojo.Testcases.crossBrowser.setUpTest(crossBrowser.java:41)
at java.base/java.util.concurrent.FutureTask.run(FutureTask.java:264)
at java.base/java.util.concurrent.ThreadPoolExecutor.runWorker(ThreadPoolExecutor.java:1130)
at java.base/java.util.concurrent.ThreadPoolExecutor$Worker.run(ThreadPoolExecutor.java:630)
at java.base/java.lang.Thread.run(Thread.java:832)
... Removed 15 stack frames]]>
    </failure>
  </testcase> <!-- @BeforeTest setUpTest -->
</testsuite>
