<?xml version="1.0" encoding="UTF-8"?>
<!-- Generated by org.testng.reporters.JUnitXMLReporter -->
<testsuite ignored="0" hostname="DIL-IND-QA08" failures="0" tests="0" time="4.228" errors="0" timestamp="2022-08-28T18:59:28 IST">
  <testcase classname="com.vitamojo.Testcases.crossBrowser" name="@BeforeTest setUpTest" time="4.141">
    <failure type="org.openqa.selenium.WebDriverException" message="unknown error: cannot determine loading status
from disconnected: received Inspector.detached event
  (Session info: chrome=104.0.5112.102)
Build info: version: &amp;apos;4.3.0&amp;apos;, revision: &amp;apos;a4995e2c09*&amp;apos;
System info: host: &amp;apos;DIL-IND-QA08&amp;apos;, ip: &amp;apos;192.168.164.47&amp;apos;, os.name: &amp;apos;Windows 10&amp;apos;, os.arch: &amp;apos;amd64&amp;apos;, os.version: &amp;apos;10.0&amp;apos;, java.version: &amp;apos;14.0.2&amp;apos;
Driver info: org.openqa.selenium.chrome.ChromeDriver
Command: [b9257bb075435fbb649d8c189309f27b, get {url=https://www.vitamojo.com/}]
Capabilities {acceptInsecureCerts: false, browserName: chrome, browserVersion: 104.0.5112.102, chrome: {chromedriverVersion: 104.0.5112.79 (3cf3e8c8a07d..., userDataDir: C:\Users\SIDDHA~1\AppData\L...}, goog:chromeOptions: {debuggerAddress: localhost:59719}, networkConnectionEnabled: false, pageLoadStrategy: normal, platformName: WINDOWS, proxy: Proxy(), se:cdp: ws://localhost:59719/devtoo..., se:cdpVersion: 104.0.5112.102, setWindowRect: true, strictFileInteractability: false, timeouts: {implicit: 0, pageLoad: 300000, script: 30000}, unhandledPromptBehavior: dismiss and notify, webauthn:extension:credBlob: true, webauthn:extension:largeBlob: true, webauthn:virtualAuthenticators: true}
Session ID: b9257bb075435fbb649d8c189309f27b">
      <![CDATA[org.openqa.selenium.WebDriverException: unknown error: cannot determine loading status
from disconnected: received Inspector.detached event
  (Session info: chrome=104.0.5112.102)
Build info: version: '4.3.0', revision: 'a4995e2c09*'
System info: host: 'DIL-IND-QA08', ip: '192.168.164.47', os.name: 'Windows 10', os.arch: 'amd64', os.version: '10.0', java.version: '14.0.2'
Driver info: org.openqa.selenium.chrome.ChromeDriver
Command: [b9257bb075435fbb649d8c189309f27b, get {url=https://www.vitamojo.com/}]
Capabilities {acceptInsecureCerts: false, browserName: chrome, browserVersion: 104.0.5112.102, chrome: {chromedriverVersion: 104.0.5112.79 (3cf3e8c8a07d..., userDataDir: C:\Users\SIDDHA~1\AppData\L...}, goog:chromeOptions: {debuggerAddress: localhost:59719}, networkConnectionEnabled: false, pageLoadStrategy: normal, platformName: WINDOWS, proxy: Proxy(), se:cdp: ws://localhost:59719/devtoo..., se:cdpVersion: 104.0.5112.102, setWindowRect: true, strictFileInteractability: false, timeouts: {implicit: 0, pageLoad: 300000, script: 30000}, unhandledPromptBehavior: dismiss and notify, webauthn:extension:credBlob: true, webauthn:extension:largeBlob: true, webauthn:virtualAuthenticators: true}
Session ID: b9257bb075435fbb649d8c189309f27b
at org.openqa.selenium.remote.codec.w3c.W3CHttpResponseCodec.createException(W3CHttpResponseCodec.java:200)
at org.openqa.selenium.remote.codec.w3c.W3CHttpResponseCodec.decode(W3CHttpResponseCodec.java:133)
at org.openqa.selenium.remote.codec.w3c.W3CHttpResponseCodec.decode(W3CHttpResponseCodec.java:53)
at org.openqa.selenium.remote.HttpCommandExecutor.execute(HttpCommandExecutor.java:184)
at org.openqa.selenium.remote.service.DriverCommandExecutor.invokeExecute(DriverCommandExecutor.java:167)
at org.openqa.selenium.remote.service.DriverCommandExecutor.execute(DriverCommandExecutor.java:142)
at org.openqa.selenium.remote.RemoteWebDriver.execute(RemoteWebDriver.java:569)
at org.openqa.selenium.remote.RemoteWebDriver.get(RemoteWebDriver.java:332)
at com.vitamojo.Testcases.crossBrowser.setUpTest(crossBrowser.java:37)
at java.base/java.util.concurrent.FutureTask.run(FutureTask.java:264)
at java.base/java.util.concurrent.ThreadPoolExecutor.runWorker(ThreadPoolExecutor.java:1130)
at java.base/java.util.concurrent.ThreadPoolExecutor$Worker.run(ThreadPoolExecutor.java:630)
at java.base/java.lang.Thread.run(Thread.java:832)
... Removed 20 stack frames]]>
    </failure>
  </testcase> <!-- @BeforeTest setUpTest -->
</testsuite>
