<?xml version="1.0" encoding="UTF-8"?>
<!-- Generated by org.testng.reporters.JUnitXMLReporter -->
<testsuite ignored="0" hostname="DIL-IND-QA08" failures="1" tests="1" name="TestFirefox" time="15.25" errors="0" timestamp="2022-09-04T12:18:08 IST">
  <testcase classname="com.salesHandy.Testcases.TestCase1" name="test1" time="10.419">
    <failure type="org.openqa.selenium.NoSuchWindowException" message="Browsing context has been discarded
Build info: version: &amp;apos;4.3.0&amp;apos;, revision: &amp;apos;a4995e2c09*&amp;apos;
System info: host: &amp;apos;DIL-IND-QA08&amp;apos;, ip: &amp;apos;192.168.164.47&amp;apos;, os.name: &amp;apos;Windows 10&amp;apos;, os.arch: &amp;apos;amd64&amp;apos;, os.version: &amp;apos;10.0&amp;apos;, java.version: &amp;apos;11.0.16&amp;apos;
Driver info: org.openqa.selenium.firefox.FirefoxDriver
Command: [c38e7f20-f774-408f-956f-483d5a8b80cc, findElement {using=xpath, value=//section[@class=&amp;apos;headerTop&amp;apos;]//a[text()=&amp;apos;Features&amp;apos;]}]
Capabilities {acceptInsecureCerts: true, browserName: firefox, browserVersion: 104.0.1, moz:accessibilityChecks: false, moz:buildID: 20220829141339, moz:debuggerAddress: localhost:65058, moz:geckodriverVersion: 0.31.0, moz:headless: false, moz:platformVersion: 10.0, moz:processID: 6020, moz:profile: C:\Users\SIDDHA~1\AppData\L..., moz:shutdownTimeout: 60000, moz:useNonSpecCompliantPointerOrigin: false, moz:webdriverClick: true, moz:windowless: false, pageLoadStrategy: normal, platformName: WINDOWS, proxy: Proxy(), se:cdp: ws://localhost:65058/devtoo..., se:cdpVersion: 85.0, setWindowRect: true, strictFileInteractability: false, timeouts: {implicit: 0, pageLoad: 300000, script: 30000}, unhandledPromptBehavior: dismiss and notify}
Session ID: c38e7f20-f774-408f-956f-483d5a8b80cc">
      <![CDATA[org.openqa.selenium.NoSuchWindowException: Browsing context has been discarded
Build info: version: '4.3.0', revision: 'a4995e2c09*'
System info: host: 'DIL-IND-QA08', ip: '192.168.164.47', os.name: 'Windows 10', os.arch: 'amd64', os.version: '10.0', java.version: '11.0.16'
Driver info: org.openqa.selenium.firefox.FirefoxDriver
Command: [c38e7f20-f774-408f-956f-483d5a8b80cc, findElement {using=xpath, value=//section[@class='headerTop']//a[text()='Features']}]
Capabilities {acceptInsecureCerts: true, browserName: firefox, browserVersion: 104.0.1, moz:accessibilityChecks: false, moz:buildID: 20220829141339, moz:debuggerAddress: localhost:65058, moz:geckodriverVersion: 0.31.0, moz:headless: false, moz:platformVersion: 10.0, moz:processID: 6020, moz:profile: C:\Users\SIDDHA~1\AppData\L..., moz:shutdownTimeout: 60000, moz:useNonSpecCompliantPointerOrigin: false, moz:webdriverClick: true, moz:windowless: false, pageLoadStrategy: normal, platformName: WINDOWS, proxy: Proxy(), se:cdp: ws://localhost:65058/devtoo..., se:cdpVersion: 85.0, setWindowRect: true, strictFileInteractability: false, timeouts: {implicit: 0, pageLoad: 300000, script: 30000}, unhandledPromptBehavior: dismiss and notify}
Session ID: c38e7f20-f774-408f-956f-483d5a8b80cc
at org.openqa.selenium.remote.codec.w3c.W3CHttpResponseCodec.createException(W3CHttpResponseCodec.java:200)
at org.openqa.selenium.remote.codec.w3c.W3CHttpResponseCodec.decode(W3CHttpResponseCodec.java:133)
at org.openqa.selenium.remote.codec.w3c.W3CHttpResponseCodec.decode(W3CHttpResponseCodec.java:53)
at org.openqa.selenium.remote.HttpCommandExecutor.execute(HttpCommandExecutor.java:184)
at org.openqa.selenium.remote.service.DriverCommandExecutor.invokeExecute(DriverCommandExecutor.java:167)
at org.openqa.selenium.remote.service.DriverCommandExecutor.execute(DriverCommandExecutor.java:142)
at org.openqa.selenium.remote.RemoteWebDriver.execute(RemoteWebDriver.java:569)
at org.openqa.selenium.remote.ElementLocation$ElementFinder$2.findElement(ElementLocation.java:162)
at org.openqa.selenium.remote.ElementLocation.findElement(ElementLocation.java:60)
at org.openqa.selenium.remote.RemoteWebDriver.findElement(RemoteWebDriver.java:387)
at org.openqa.selenium.remote.RemoteWebDriver.findElement(RemoteWebDriver.java:379)
at com.salesHandy.Pages.workPage.navigatEmailSequence(workPage.java:54)
at com.salesHandy.Testcases.TestCase1.test1(TestCase1.java:66)
at java.base/java.util.ArrayList.forEach(ArrayList.java:1541)
at java.base/java.util.concurrent.FutureTask.run(FutureTask.java:264)
at java.base/java.util.concurrent.ThreadPoolExecutor.runWorker(ThreadPoolExecutor.java:1128)
at java.base/java.util.concurrent.ThreadPoolExecutor$Worker.run(ThreadPoolExecutor.java:628)
at java.base/java.lang.Thread.run(Thread.java:834)
... Removed 22 stack frames]]>
    </failure>
  </testcase> <!-- test1 -->
</testsuite> <!-- TestFirefox -->
