<?xml version="1.0" encoding="UTF-8"?>
<testng-results ignored="0" total="1" passed="1" failed="0" skipped="0">
  <reporter-output>
  </reporter-output>
  <suite started-at="2022-08-09T14:25:09 IST" name="Default suite" finished-at="2022-08-09T14:25:25 IST" duration-ms="16501">
    <groups>
    </groups>
    <test started-at="2022-08-09T14:25:09 IST" name="Default test" finished-at="2022-08-09T14:25:25 IST" duration-ms="16501">
      <class name="com.clipboardHealth.Testcases.ExtentReportTestNG">
        <test-method is-config="true" signature="setup()[pri:0, instance:com.clipboardHealth.Testcases.ExtentReportTestNG@5fdcaa40]" started-at="2022-08-09T14:25:09 IST" name="setup" finished-at="2022-08-09T14:25:09 IST" duration-ms="141" status="PASS">
          <reporter-output>
          </reporter-output>
        </test-method> <!-- setup -->
        <test-method is-config="true" signature="setUpTest()[pri:0, instance:com.clipboardHealth.Testcases.ExtentReportTestNG@5fdcaa40]" started-at="2022-08-09T14:25:09 IST" name="setUpTest" finished-at="2022-08-09T14:25:11 IST" duration-ms="2461" status="PASS">
          <reporter-output>
          </reporter-output>
        </test-method> <!-- setUpTest -->
        <test-method signature="test1()[pri:0, instance:com.clipboardHealth.Testcases.ExtentReportTestNG@5fdcaa40]" started-at="2022-08-09T14:25:11 IST" name="test1" finished-at="2022-08-09T14:25:24 IST" duration-ms="12182" status="PASS">
          <reporter-output>
          </reporter-output>
        </test-method> <!-- test1 -->
        <test-method is-config="true" signature="tearDownTest()[pri:0, instance:com.clipboardHealth.Testcases.ExtentReportTestNG@5fdcaa40]" started-at="2022-08-09T14:25:24 IST" name="tearDownTest" finished-at="2022-08-09T14:25:25 IST" duration-ms="1827" status="PASS">
          <reporter-output>
          </reporter-output>
        </test-method> <!-- tearDownTest -->
        <test-method is-config="true" signature="tearDown()[pri:0, instance:com.clipboardHealth.Testcases.ExtentReportTestNG@5fdcaa40]" started-at="2022-08-09T14:25:26 IST" name="tearDown" finished-at="2022-08-09T14:25:26 IST" duration-ms="281" status="PASS">
          <reporter-output>
          </reporter-output>
        </test-method> <!-- tearDown -->
      </class> <!-- com.clipboardHealth.Testcases.ExtentReportTestNG -->
    </test> <!-- Default test -->
  </suite> <!-- Default suite -->
</testng-results>
